Command line:
   ALU_1BIT_isim_beh.exe
     -simmode  gui
     -simrunnum  0
     -socket  58780

Thu Feb 18 15:33:36 2021


 Elaboration Time: 0.03125 sec

 Current Memory Usage: 5159.96 Meg

 Total Signals          : 45
 Total Nets             : 27
 Total Signal Drivers   : 14
 Total Blocks           : 7
 Total Primitive Blocks : 5
 Total Processes        : 15
 Total Traceable Variables  : 18
 Total Scalar Nets and Variables : 107
Total Line Count : 22

 Total Simulation Time: 0.0625 sec

 Current Memory Usage: 5002.67 Meg

Thu Feb 18 15:35:13 2021

