Command line:
   HA_isim_beh.exe
     -simmode  gui
     -simrunnum  0
     -socket  64536

Sat Feb 20 17:04:24 2021


 Elaboration Time: 0.03125 sec

 Current Memory Usage: 5159.91 Meg

 Total Signals          : 17
 Total Nets             : 17
 Total Signal Drivers   : 7
 Total Blocks           : 2
 Total Primitive Blocks : 2
 Total Processes        : 8
 Total Traceable Variables  : 18
 Total Scalar Nets and Variables : 97
Total Line Count : 16

 Total Simulation Time: 0.046875 sec

 Current Memory Usage: 5159.91 Meg

Sat Feb 20 17:04:30 2021

